Apr-08 10:30:10.664 [main] DEBUG nextflow.cli.Launcher - $> nextflow run main.nf -profile docker,test
Apr-08 10:30:10.810 [main] INFO  nextflow.cli.CmdRun - N E X T F L O W  ~  version 20.10.0
Apr-08 10:30:10.832 [main] INFO  nextflow.cli.CmdRun - Launching `main.nf` [drunk_cajal] - revision: 2a94c6dccb
Apr-08 10:30:10.870 [main] DEBUG nextflow.config.ConfigBuilder - Found config local: /home/veits/devel/Bioinformatics/ELIXIR_EDAM/WOMBAT-P/Proline-Workflow/Nextflow/nextflow.config
Apr-08 10:30:10.871 [main] DEBUG nextflow.config.ConfigBuilder - Parsing config file: /home/veits/devel/Bioinformatics/ELIXIR_EDAM/WOMBAT-P/Proline-Workflow/Nextflow/nextflow.config
Apr-08 10:30:10.903 [main] DEBUG nextflow.config.ConfigBuilder - Applying config profile: `docker,test`
Apr-08 10:30:12.263 [main] DEBUG nextflow.config.ConfigBuilder - Available config profiles: [debug, test, conda, awsbatch, singularity, docker]
Apr-08 10:30:12.349 [main] DEBUG nextflow.Session - Session uuid: 05156370-d5d8-46a1-9c78-1edadcc770c7
Apr-08 10:30:12.349 [main] DEBUG nextflow.Session - Run name: drunk_cajal
Apr-08 10:30:12.350 [main] DEBUG nextflow.Session - Executor pool size: 12
Apr-08 10:30:12.401 [main] DEBUG nextflow.cli.CmdRun - 
  Version: 20.10.0 build 5430
  Created: 01-11-2020 15:14 UTC (16:14 CEST)
  System: Linux 5.4.0-62-generic
  Runtime: Groovy 3.0.5 on OpenJDK 64-Bit Server VM 11.0.10+9-Ubuntu-0ubuntu1.20.04
  Encoding: UTF-8 (UTF-8)
  Process: 1382316@adm-125488 [127.0.0.1]
  CPUs: 12 - Mem: 31.2 GB (9.1 GB) - Swap: 976 MB (8.3 MB)
Apr-08 10:30:12.435 [main] DEBUG nextflow.Session - Work-dir: /home/veits/devel/Bioinformatics/ELIXIR_EDAM/WOMBAT-P/Proline-Workflow/Nextflow/work [ext2/ext3]
Apr-08 10:30:12.436 [main] DEBUG nextflow.Session - Script base path does not exist or is not a directory: /home/veits/devel/Bioinformatics/ELIXIR_EDAM/WOMBAT-P/Proline-Workflow/Nextflow/bin
Apr-08 10:30:12.503 [main] DEBUG nextflow.Session - Observer factory: TowerFactory
Apr-08 10:30:12.506 [main] DEBUG nextflow.Session - Observer factory: DefaultObserverFactory
Apr-08 10:30:12.740 [main] DEBUG nextflow.Session - Session start invoked
Apr-08 10:30:13.667 [main] DEBUG nextflow.script.ScriptRunner - > Launching execution
Apr-08 10:30:13.686 [main] DEBUG nextflow.Session - Workflow process names [dsl1]: create_searchgui_paramfile, convert_raw_to_mzdb, convert_mzdb_to_mgf, set_proline_inputfiles, set_proline_exp_design, run_proline, create_decoy_database, run_searchgui_search
Apr-08 10:30:13.856 [main] WARN  nextflow.Nextflow - No experimental design! All raw files will be considered being from the one and the same experimental condition.
Apr-08 10:30:13.974 [main] DEBUG nextflow.executor.ExecutorFactory - << taskConfig executor: local
Apr-08 10:30:13.974 [main] DEBUG nextflow.executor.ExecutorFactory - >> processorType: 'local'
Apr-08 10:30:13.981 [main] DEBUG nextflow.executor.Executor - [warm up] executor > local
Apr-08 10:30:13.990 [main] DEBUG n.processor.LocalPollingMonitor - Creating local task monitor for executor 'local' > cpus=4; memory=25 GB; capacity=10; pollInterval=100ms; dumpInterval=5m
Apr-08 10:30:14.120 [main] DEBUG nextflow.executor.ExecutorFactory - << taskConfig executor: local
Apr-08 10:30:14.121 [main] DEBUG nextflow.executor.ExecutorFactory - >> processorType: 'local'
Apr-08 10:30:14.146 [main] DEBUG nextflow.executor.ExecutorFactory - << taskConfig executor: local
Apr-08 10:30:14.147 [main] DEBUG nextflow.executor.ExecutorFactory - >> processorType: 'local'
Apr-08 10:30:14.196 [main] DEBUG nextflow.executor.ExecutorFactory - << taskConfig executor: local
Apr-08 10:30:14.196 [main] DEBUG nextflow.executor.ExecutorFactory - >> processorType: 'local'
Apr-08 10:30:14.234 [main] DEBUG nextflow.executor.ExecutorFactory - << taskConfig executor: local
Apr-08 10:30:14.234 [main] DEBUG nextflow.executor.ExecutorFactory - >> processorType: 'local'
Apr-08 10:30:14.273 [main] DEBUG nextflow.processor.TaskProcessor - Creating *combiner* operator for each param(s) at index(es): [0]
Apr-08 10:30:14.313 [main] DEBUG nextflow.executor.ExecutorFactory - << taskConfig executor: local
Apr-08 10:30:14.313 [main] DEBUG nextflow.executor.ExecutorFactory - >> processorType: 'local'
Apr-08 10:30:14.311 [Actor Thread 3] DEBUG nextflow.util.CacheHelper - Unable to get file attributes file: /home/veits/devel/Bioinformatics/ELIXIR_EDAM/WOMBAT-P/Proline-Workflow/Nextflow/data/UPS1_500amol_R1.raw -- Cause: java.nio.file.NoSuchFileException: /home/veits/devel/Bioinformatics/ELIXIR_EDAM/WOMBAT-P/Proline-Workflow/Nextflow/data/UPS1_500amol_R1.raw
Apr-08 10:30:14.339 [main] DEBUG nextflow.executor.ExecutorFactory - << taskConfig executor: local
Apr-08 10:30:14.340 [main] DEBUG nextflow.executor.ExecutorFactory - >> processorType: 'local'
Apr-08 10:30:14.362 [main] DEBUG nextflow.executor.ExecutorFactory - << taskConfig executor: local
Apr-08 10:30:14.362 [main] DEBUG nextflow.executor.ExecutorFactory - >> processorType: 'local'
Apr-08 10:30:14.376 [main] DEBUG nextflow.script.ScriptRunner - > Await termination 
Apr-08 10:30:14.377 [main] DEBUG nextflow.Session - Session await
Apr-08 10:30:14.467 [Task submitter] DEBUG nextflow.executor.LocalTaskHandler - Launch cmd line: /bin/bash -ue .command.run
Apr-08 10:30:14.478 [Task submitter] INFO  nextflow.Session - [d6/56083e] Submitted process > convert_raw_to_mzdb (1)
Apr-08 10:30:14.495 [Task submitter] DEBUG nextflow.executor.LocalTaskHandler - Launch cmd line: /bin/bash -ue .command.run
Apr-08 10:30:14.496 [Task submitter] INFO  nextflow.Session - [9b/c2a08e] Submitted process > create_decoy_database (1)
Apr-08 10:30:16.993 [SIGINT handler] DEBUG nextflow.Session - Session aborted -- Cause: SIGINT
Apr-08 10:30:17.012 [SIGINT handler] DEBUG nextflow.Session - The following nodes are still active:
[process] convert_mzdb_to_mgf
  status=ACTIVE
  port 0: (queue) OPEN  ; channel: mzdbfile
  port 1: (cntrl) -     ; channel: $

[process] create_searchgui_paramfile
  status=ACTIVE
  port 0: (queue) OPEN  ; channel: fasta_decoy
  port 1: (cntrl) -     ; channel: $

[process] run_searchgui_search
  status=ACTIVE
  port 0: (value) OPEN  ; channel: __$eachinparam<0>
  port 1: (queue) OPEN  ; channel: paramfile
  port 2: (cntrl) -     ; channel: $

[process] set_proline_inputfiles
  status=ACTIVE
  port 0: (value) OPEN  ; channel: result_files
  port 1: (cntrl) -     ; channel: $

[process] set_proline_exp_design
  status=ACTIVE
  port 0: (value) OPEN  ; channel: mzdb
  port 1: (queue) OPEN  ; channel: expdesign
  port 2: (cntrl) -     ; channel: $

[process] run_proline
  status=ACTIVE
  port 0: (value) OPEN  ; channel: rfs
  port 1: (value) OPEN  ; channel: mzdbs
  port 2: (queue) OPEN  ; channel: lfq_param
  port 3: (value) OPEN  ; channel: import_param
  port 4: (queue) OPEN  ; channel: exp_design
  port 5: (cntrl) -     ; channel: $

Apr-08 10:30:17.014 [main] DEBUG nextflow.Session - Session await > all process finished
Apr-08 10:30:17.014 [main] DEBUG nextflow.Session - Session await > all barriers passed
Apr-08 10:30:17.018 [main] INFO  nextflow.Nextflow - Oops .. something went wrong
Apr-08 10:30:17.024 [main] WARN  n.processor.TaskPollingMonitor - Killing pending tasks (2)
Apr-08 10:30:17.040 [main] DEBUG nextflow.trace.WorkflowStatsObserver - Workflow completed > WorkflowStats[succeededCount=0; failedCount=0; ignoredCount=0; cachedCount=0; pendingCount=0; submittedCount=0; runningCount=0; retriesCount=0; abortedCount=2; succeedDuration=0ms; failedDuration=0ms; cachedDuration=0ms;loadCpus=0; loadMemory=0; peakRunning=2; peakCpus=4; peakMemory=12 GB; ]
Apr-08 10:30:17.124 [main] DEBUG nextflow.CacheDB - Closing CacheDB done
Apr-08 10:30:17.130 [main] DEBUG nextflow.util.SpuriousDeps - AWS S3 uploader shutdown
Apr-08 10:30:17.144 [main] DEBUG nextflow.script.ScriptRunner - > Execution complete -- Goodbye
